(You can skip this, or any future question by using the --noPrompt flag)
Folder "./scully" doesn't seem to contain custom plugins
----------------------------------Using stored unhandled routes!.   To discover new routes in the angular app use "npx scully --scanRoutes"----------------------------------



handleUnknownRoute: "/blog", 404:""
Folder "./scully" doesn't seem to contain custom plugins
----------------------------------Using stored unhandled routes!.   To discover new routes in the angular app use "npx scully --scanRoutes"----------------------------------



handleUnknownRoute: "/scully", 404:""
handleUnknownRoute: "/blogs", 404:""
handleUnknownRoute: "/blog", 404:""
handleUnknownRoute: "/blog", 404:""
Folder "./scully" doesn't seem to contain custom plugins
----------------------------------Using stored unhandled routes!.   To discover new routes in the angular app use "npx scully --scanRoutes"----------------------------------



Folder "./scully" doesn't seem to contain custom plugins
Folder "./scully" doesn't seem to contain custom plugins
----------------------------------Using stored unhandled routes!.----------------------------------   To discover new routes in the angular app use "npx scully --scanRoutes"



Folder "./scully" doesn't seem to contain custom plugins
----------------------------------   To discover new routes in the angular app use "npx scully --scanRoutes"Using stored unhandled routes!.----------------------------------



Folder "./scully" doesn't seem to contain custom plugins
-----------------------------------
The port "2667" is not available for the live-reload server.
live reload will not be available. You can configure a different port in the config file.
-----------------------------------

----------------------------------Using stored unhandled routes!.   To discover new routes in the angular app use "npx scully --scanRoutes"----------------------------------



NOTICE:
****************************************************************************************
  This is a development tool for Scully applications.
  You can ignore the warning (TLS) or run scully with --no-warning
****************************************************************************************Folder "./scully" doesn't seem to contain custom plugins
----------------------------------Using stored unhandled routes!.   To discover new routes in the angular app use "npx scully --scanRoutes"----------------------------------



Folder "./scully" doesn't seem to contain custom plugins
----------------------------------Using stored unhandled routes!.   To discover new routes in the angular app use "npx scully --scanRoutes"----------------------------------



Folder "./scully" doesn't seem to contain custom plugins
----------------------------------Using stored unhandled routes!.   To discover new routes in the angular app use "npx scully --scanRoutes"----------------------------------



Folder "./scully" doesn't seem to contain custom plugins
----------------------------------   To discover new routes in the angular app use "npx scully --scanRoutes"----------------------------------Using stored unhandled routes!.



Folder "./scully" doesn't seem to contain custom plugins
----------------------------------   To discover new routes in the angular app use "npx scully --scanRoutes"Using stored unhandled routes!.----------------------------------



handleUnknownRoute: "/blogs", 404:""
handleUnknownRoute: "/blog/___UNPUBLISHED___lctpmiyz_TzBvgBaUWTq3OyuKczOUjmclrGJ5if9J/index.html", 404:""
handleUnknownRoute: "/blog/___UNPUBLISHED___lctpmiyz_TzBvgBaUWTq3OyuKczOUjmclrGJ5if9J/index.html", 404:""
Folder "./scully" doesn't seem to contain custom plugins
----------------------------------Using stored unhandled routes!.   To discover new routes in the angular app use "npx scully --scanRoutes"----------------------------------



Folder "./scully" doesn't seem to contain custom plugins
----------------------------------   To discover new routes in the angular app use "npx scully --scanRoutes"----------------------------------Using stored unhandled routes!.



Folder "./scully" doesn't seem to contain custom plugins
----------------------------------Using stored unhandled routes!.   To discover new routes in the angular app use "npx scully --scanRoutes"----------------------------------



Folder "./scully" doesn't seem to contain custom plugins
----------------------------------Using stored unhandled routes!.   To discover new routes in the angular app use "npx scully --scanRoutes"----------------------------------



Folder "./scully" doesn't seem to contain custom plugins
Folder "./scully" doesn't seem to contain custom plugins
----------------------------------   To discover new routes in the angular app use "npx scully --scanRoutes"Using stored unhandled routes!.----------------------------------



Folder "./scully" doesn't seem to contain custom plugins
----------------------------------Using stored unhandled routes!.----------------------------------   To discover new routes in the angular app use "npx scully --scanRoutes"



Folder "./scully" doesn't seem to contain custom plugins
----------------------------------Using stored unhandled routes!.   To discover new routes in the angular app use "npx scully --scanRoutes"----------------------------------



Folder "./scully" doesn't seem to contain custom plugins
----------------------------------   To discover new routes in the angular app use "npx scully --scanRoutes"----------------------------------Using stored unhandled routes!.



handleUnknownRoute: "/blog/test/index.html", 404:""
handleUnknownRoute: "/blog/test/index.html", 404:""
handleUnknownRoute: "/blog/test/index.html", 404:""
Folder "./scully" doesn't seem to contain custom plugins
----------------------------------Using stored unhandled routes!.   To discover new routes in the angular app use "npx scully --scanRoutes"----------------------------------



Folder "./scully" doesn't seem to contain custom plugins
Folder "./scully" doesn't seem to contain custom plugins
handleUnknownRoute: "/blog/test/index.html", 404:""
Folder "./scully" doesn't seem to contain custom plugins
----------------------------------Using stored unhandled routes!.   To discover new routes in the angular app use "npx scully --scanRoutes"----------------------------------



handleUnknownRoute: "/blog/test/index.html", 404:""
Folder "./scully" doesn't seem to contain custom plugins
----------------------------------Using stored unhandled routes!.----------------------------------   To discover new routes in the angular app use "npx scully --scanRoutes"



handleUnknownRoute: "/blog/test/index.html", 404:""
Folder "./scully" doesn't seem to contain custom plugins
Folder "./scully" doesn't seem to contain custom plugins
----------------------------------Using stored unhandled routes!.   To discover new routes in the angular app use "npx scully --scanRoutes"----------------------------------



handleUnknownRoute: "/blog/test/index.html", 404:""
